-----------------------------------------------------------------------------------------------------
Warning: Lmod is not configured. The default ACCRE software stack will be loaded automatically.

Tip: To avoid this warning in the future, run the command:
      setup_accre_software_stack

For convenience, consider adding the following line to your .bashrc file:
      setup_accre_software_stack

For more details, please visit the documentation at:
      https://help.accre.vanderbilt.edu/index.php?title=Software_Stack
-----------------------------------------------------------------------------------------------------
📂 Creating rep1
📄 Copying production.pl to rep1
📄 Copying prod1.in to rep1
📄 Copying prod1.in.start to rep1
📂 Creating rep2
📄 Copying production.pl to rep2
📄 Copying prod1.in to rep2
📄 Copying prod1.in.start to rep2
📂 Creating rep3
📄 Copying production.pl to rep3
📄 Copying prod1.in to rep3
📄 Copying prod1.in.start to rep3
🔹 Starting production for rep1 on GPU 0
🔹 Starting production for rep2 on GPU 1
🔹 Starting production for rep3 on GPU 2
