
 -----------------------------------------------
  Restrained ESP Fit 2.41 q4md-forcefieldtools
 -----------------------------------------------
  RESP-A1 - RESP input generated by PyRED version JUL-2025                       
 -----------------------------------------------


 inopt       =     0   ioutopt     =     1
 nmep        =     2   iqopt       =     2
 ihfree      =     1   irstrnt     =     1
 iunits      =     0   qwt         =   0.00100000

 multiple-MEP run of   2 MEP

 Reading input for MEP   1 weight:     1.000
 MOLECULE-1 nconf=1 norient=1 nmep=1/2                                          

 Total charge (ich):  0
 Number of centers: 44
    1    6    0
    2    1    0
    3    1    2
    4    1    2
    5    7   -1
    6    1   -1
    7    6   -1
    8    1   -1
    9    6   -1
   10    8   -1
   11    6    0
   12    1    0
   13    1   12
   14    1   12
   15    6    0
   16    1    0
   17    1   16
   18   16   -1
   19    6   -1
   20    1   -1
   21    6   -1
   22    1   -1
   23    6   -1
   24    6   -1
   25    6   -1
   26    1   -1
   27    6   -1
   28    7   -1
   29    8   -1
   30    8   -1
   31    6   -1
   32    8   -1
   33    7   -1
   34    1   -1
   35    6   -1
   36    6   -1
   37    1   -1
   38    6   -1
   39    1   -1
   40    7   -1
   41    6   -1
   42    1   -1
   43    6   -1
   44    1   -1

 Reading input for MEP   2 weight:     1.000
 MOLECULE-1 nconf=1 norient=2 nmep=2/2                                          

 Total charge (ich):  0
 Number of centers: 44
   45    6    0
   46    1    0
   47    1    2
   48    1    2
   49    7   -1
   50    1   -1
   51    6   -1
   52    1   -1
   53    6   -1
   54    8   -1
   55    6    0
   56    1    0
   57    1   12
   58    1   12
   59    6    0
   60    1    0
   61    1   16
   62   16   -1
   63    6   -1
   64    1   -1
   65    6   -1
   66    1   -1
   67    6   -1
   68    6   -1
   69    6   -1
   70    1   -1
   71    6   -1
   72    7   -1
   73    8   -1
   74    8   -1
   75    6   -1
   76    8   -1
   77    7   -1
   78    1   -1
   79    6   -1
   80    6   -1
   81    1   -1
   82    6   -1
   83    1   -1
   84    7   -1
   85    6   -1
   86    1   -1
   87    6   -1
   88    1   -1

 since Iqopt>1:    88 new q0 values
 will be read in from file ESP.Q0 (unit 3)
 --------------------------------
 reading mult_esp constraint info
 --------------------------------
    1    1    2    1
    1    2    2    2
    1   11    2   11
    1   12    2   12
    1   15    2   15
    1   16    2   16

  --------------------
     Atom   Ivary
  --------------------
    6    0
    1    0
    1    2
    1    2
    7   -1
    1   -1
    6   -1
    1   -1
    6   -1
    8   -1
    6    0
    1    0
    1   12
    1   12
    6    0
    1    0
    1   16
   16   -1
    6   -1
    1   -1
    6   -1
    1   -1
    6   -1
    6   -1
    6   -1
    1   -1
    6   -1
    7   -1
    8   -1
    8   -1
    6   -1
    8   -1
    7   -1
    1   -1
    6   -1
    6   -1
    1   -1
    6   -1
    1   -1
    7   -1
    6   -1
    1   -1
    6   -1
    1   -1

    6    1
    1    2
    1    2
    1    2
    7   -1
    1   -1
    6   -1
    1   -1
    6   -1
    8   -1
    6   11
    1   12
    1   12
    1   12
    6   15
    1   16
    1   16
   16   -1
    6   -1
    1   -1
    6   -1
    1   -1
    6   -1
    6   -1
    6   -1
    1   -1
    6   -1
    7   -1
    8   -1
    8   -1
    6   -1
    8   -1
    7   -1
    1   -1
    6   -1
    6   -1
    1   -1
    6   -1
    1   -1
    7   -1
    6   -1
    1   -1
    6   -1
    1   -1

  ----------------------------------------------------------------------------


Total number of atoms     =    88
Weight factor on initial charge restraints =  0.001000


There are   2 charge constraints

 Reading esp"s for MEP   1
 total number of atoms      =    44
 total number of esp points =   1934

 Center        X                Y                Z
    1      0.1117314E+02   -0.3304419E+01   -0.1817071E+01
    2      0.1247120E+02   -0.2933293E+01   -0.2794664E+00
    3      0.1108064E+02   -0.5334686E+01   -0.2076852E+01
    4      0.1196684E+02   -0.2486194E+01   -0.3534343E+01
    5      0.8694396E+01   -0.2361867E+01   -0.1135053E+01
    6      0.8781849E+01   -0.6005671E+00   -0.4598966E+00
    7      0.6716120E+01   -0.2691150E+01   -0.2984440E+01
    8      0.7019451E+01   -0.4509041E+01   -0.3883339E+01
    9      0.6579168E+01   -0.7926208E+00   -0.5193789E+01
   10      0.5194480E+01   -0.1260609E+01   -0.6910986E+01
   11      0.8136542E+01    0.1601250E+01   -0.5144045E+01
   12      0.7770061E+01    0.2656206E+01   -0.6854113E+01
   13      0.7631392E+01    0.2750047E+01   -0.3521580E+01
   14      0.1013878E+02    0.1186003E+01   -0.5017155E+01
   15      0.4107911E+01   -0.2898933E+01   -0.1721529E+01
   16      0.2698968E+01   -0.3205609E+01   -0.3164656E+01
   17      0.4144904E+01   -0.4481155E+01   -0.4315386E+00
   18      0.3356153E+01    0.0000000E+00    0.0000000E+00
   19     -0.3967151E+01   -0.2265816E+01    0.7753317E-01
   20     -0.4997866E+01   -0.4006731E+01    0.1441395E+00
   21     -0.1356946E+01   -0.2252730E+01    0.7334011E-01
   22     -0.3797765E+00   -0.4024504E+01    0.1537381E+00
   23      0.0000000E+00    0.0000000E+00    0.0000000E+00
   24     -0.1335356E+01    0.2292167E+01   -0.5757341E-01
   25     -0.3951011E+01    0.2279738E+01   -0.4843721E-01
   26     -0.4997654E+01    0.4013479E+01   -0.6257026E-01
   27     -0.5237082E+01    0.9630289E-02    0.1674972E-01
   28     -0.7985108E+01    0.2805272E-01    0.2477401E-01
   29     -0.9016738E+01    0.2032061E+01   -0.8200035E-01
   30     -0.9040947E+01   -0.1961130E+01    0.1298630E+00
   31      0.2399782E-01    0.4793045E+01    0.0000000E+00
   32      0.1646018E+01    0.5216126E+01    0.1511870E+01
   33     -0.7951607E+00    0.6473025E+01   -0.1777454E+01
   34     -0.1988278E+01    0.5802685E+01   -0.3066555E+01
   35      0.8623859E-02    0.8963103E+01   -0.2180697E+01
   36     -0.9563816E+00    0.1022603E+02   -0.4276699E+01
   37     -0.2256044E+01    0.9315297E+01   -0.5546596E+01
   38     -0.2160009E+00    0.1268721E+02   -0.4709361E+01
   39     -0.9444756E+00    0.1368882E+02   -0.6321598E+01
   40      0.1369805E+01    0.1394448E+02   -0.3246699E+01
   41      0.2268353E+01    0.1272643E+02   -0.1265226E+01
   42      0.3556158E+01    0.1376817E+02   -0.8597161E-01
   43      0.1676463E+01    0.1025902E+02   -0.6231639E+00
   44      0.2488924E+01    0.9396520E+01    0.1010173E+01

 Reading esp"s for MEP   2
 total number of atoms      =    44
 total number of esp points =   1921

 Center        X                Y                Z
    1      0.1301277E+02   -0.4532129E+01    0.1817071E+01
    2      0.1344900E+02   -0.5809778E+01    0.2794664E+00
    3      0.1462697E+02   -0.3297266E+01    0.2076852E+01
    4      0.1279400E+02   -0.5650872E+01    0.3534343E+01
    5      0.1082395E+02   -0.3034912E+01    0.1135053E+01
    6      0.9427707E+01   -0.4112099E+01    0.4598966E+00
    7      0.9965081E+01   -0.1222634E+01    0.2984440E+01
    8      0.1163086E+02   -0.4340083E+00    0.3883339E+01
    9      0.8328068E+01   -0.2193901E+01    0.5193789E+01
   10      0.7921918E+01   -0.7898293E+00    0.6910986E+01
   11      0.7251493E+01   -0.4839088E+01    0.5144045E+01
   12      0.6176099E+01   -0.5140367E+01    0.6854113E+01
   13      0.6019894E+01   -0.5080075E+01    0.3521580E+01
   14      0.8735353E+01   -0.6246046E+01    0.5017155E+01
   15      0.8646875E+01    0.1037512E+01    0.1721529E+01
   16      0.8094430E+01    0.2369418E+01    0.3164656E+01
   17      0.9967117E+01    0.1910297E+01    0.4315386E+00
   18      0.5837511E+01    0.0000000E+00    0.0000000E+00
   19      0.3517648E+01    0.7306363E+01   -0.7753317E-01
   20      0.4358723E+01    0.9146404E+01   -0.1441395E+00
   21      0.4996855E+01    0.5155714E+01   -0.7334011E-01
   22      0.7009403E+01    0.5364743E+01   -0.1537381E+00
   23      0.3921760E+01    0.2755659E+01    0.0000000E+00
   24      0.1277470E+01    0.2543680E+01    0.5757341E-01
   25     -0.2053878E+00    0.4698428E+01    0.4843721E-01
   26     -0.2226364E+01    0.4568152E+01    0.6257026E-01
   27      0.9244332E+00    0.7050208E+01   -0.1674972E-01
   28     -0.6593152E+00    0.9296033E+01   -0.2477401E-01
   29     -0.2893633E+01    0.8999157E+01    0.8200035E-01
   30      0.3712651E+00    0.1129842E+02   -0.1298630E+00
   31      0.0000000E+00    0.0000000E+00    0.0000000E+00
   32      0.5784962E+00   -0.1573305E+01   -0.1511870E+01
   33     -0.1846983E+01   -0.2863704E+00    0.1777454E+01
   34     -0.1977635E+01    0.1075913E+01    0.3066555E+01
   35     -0.3432713E+01   -0.2367720E+01    0.2180697E+01
   36     -0.5020519E+01   -0.2296280E+01    0.4276699E+01
   37     -0.5014605E+01   -0.7092920E+00    0.5546596E+01
   38     -0.6618709E+01   -0.4309071E+01    0.4709361E+01
   39     -0.7856940E+01   -0.4282678E+01    0.6321598E+01
   40     -0.6745819E+01   -0.6328812E+01    0.3246699E+01
   41     -0.5232804E+01   -0.6371308E+01    0.1265226E+01
   42     -0.5353051E+01   -0.8023338E+01    0.8597161E-01
   43     -0.3544730E+01   -0.4476878E+01    0.6231639E+00
   44     -0.2372783E+01   -0.4651639E+01   -0.1010173E+01
 Initial ssvpot =     1.220


 Number of unique UNfrozen centers=    6

 Non-linear optimization requested.
 qchnge =    0.3205287827E-01
 qchnge =    0.5026183951E-03
 qchnge =    0.3830841214E-04
 qchnge =    0.3435880727E-05
 qchnge =    0.3144252232E-06
 qchnge =    0.2884261843E-07

 Convergence in    5 iterations

    1   MOLECULE-1 nconf=1 norient=1 nmep=1/2
    2   MOLECULE-1 nconf=1 norient=2 nmep=2/2

          Point charges before & after optimization
   No. At.No.     q0            q(opt)     Ivary    d(rstr)/dq
    1   6      -0.088563      -0.022251      0       0.009761
    2   1       0.081874       0.055763      0       0.000000
    3   1       0.094876       0.055763      2       0.000000
    4   1       0.041838       0.055763      2       0.000000
    5   7      -0.625296      -0.625296     -1       0.001579
    6   1       0.383760       0.383760     -1       0.000000
    7   6       0.066851       0.066851     -1       0.008313
    8   1       0.104884       0.104884     -1       0.000000
    9   6       0.586236       0.586236     -1       0.001682
   10   8      -0.545989      -0.545989     -1       0.001802
   11   6      -0.231924      -0.287822      0       0.003282
   12   1       0.072073       0.085575      0       0.000000
   13   1       0.077758       0.085575     12       0.000000
   14   1       0.075624       0.085575     12       0.000000
   15   6      -0.090832      -0.063558      0       0.008440
   16   1       0.080756       0.089366      0       0.000000
   17   1       0.115633       0.089366     16       0.000000
   18  16      -0.314925      -0.314925     -1       0.003026
   19   6      -0.204835      -0.204835     -1       0.004387
   20   1       0.198082       0.198082     -1       0.000000
   21   6      -0.089961      -0.089961     -1       0.007434
   22   1       0.136383       0.136383     -1       0.000000
   23   6       0.201925       0.201925     -1       0.004438
   24   6      -0.145721      -0.145721     -1       0.005658
   25   6      -0.088357      -0.088357     -1       0.007494
   26   1       0.135978       0.135978     -1       0.000000
   27   6       0.020711       0.020711     -1       0.009792
   28   7       0.745967       0.745967     -1       0.001329
   29   8      -0.445180      -0.445180     -1       0.002192
   30   8      -0.445180      -0.445180     -1       0.002192
   31   6       0.556099       0.556099     -1       0.001770
   32   8      -0.424077      -0.424077     -1       0.002295
   33   7      -0.320641      -0.320641     -1       0.002977
   34   1       0.250829       0.250829     -1       0.000000
   35   6       0.203572       0.203572     -1       0.004409
   36   6      -0.285186      -0.285186     -1       0.003309
   37   1       0.134097       0.134097     -1       0.000000
   38   6       0.268610       0.268610     -1       0.003489
   39   1       0.081194       0.081194     -1       0.000000
   40   7      -0.567660      -0.567660     -1       0.001735
   41   6       0.268610       0.268610     -1       0.003489
   42   1       0.081194       0.081194     -1       0.000000
   43   6      -0.285186      -0.285186     -1       0.003309
   44   1       0.134097       0.134097     -1       0.000000

   45   6      -0.088563      -0.022251      1       0.009761
   46   1       0.081874       0.055763      2       0.000000
   47   1       0.094876       0.055763      2       0.000000
   48   1       0.041838       0.055763      2       0.000000
   49   7      -0.625296      -0.625296     -1       0.001579
   50   1       0.383760       0.383760     -1       0.000000
   51   6       0.066851       0.066851     -1       0.008313
   52   1       0.104884       0.104884     -1       0.000000
   53   6       0.586236       0.586236     -1       0.001682
   54   8      -0.545989      -0.545989     -1       0.001802
   55   6      -0.231924      -0.287822     11       0.003282
   56   1       0.072073       0.085575     12       0.000000
   57   1       0.077758       0.085575     12       0.000000
   58   1       0.075624       0.085575     12       0.000000
   59   6      -0.090832      -0.063558     15       0.008440
   60   1       0.080756       0.089366     16       0.000000
   61   1       0.115633       0.089366     16       0.000000
   62  16      -0.314925      -0.314925     -1       0.003026
   63   6      -0.204835      -0.204835     -1       0.004387
   64   1       0.198082       0.198082     -1       0.000000
   65   6      -0.089961      -0.089961     -1       0.007434
   66   1       0.136383       0.136383     -1       0.000000
   67   6       0.201925       0.201925     -1       0.004438
   68   6      -0.145721      -0.145721     -1       0.005658
   69   6      -0.088357      -0.088357     -1       0.007494
   70   1       0.135978       0.135978     -1       0.000000
   71   6       0.020711       0.020711     -1       0.009792
   72   7       0.745967       0.745967     -1       0.001329
   73   8      -0.445180      -0.445180     -1       0.002192
   74   8      -0.445180      -0.445180     -1       0.002192
   75   6       0.556099       0.556099     -1       0.001770
   76   8      -0.424077      -0.424077     -1       0.002295
   77   7      -0.320641      -0.320641     -1       0.002977
   78   1       0.250829       0.250829     -1       0.000000
   79   6       0.203572       0.203572     -1       0.004409
   80   6      -0.285186      -0.285186     -1       0.003309
   81   1       0.134097       0.134097     -1       0.000000
   82   6       0.268610       0.268610     -1       0.003489
   83   1       0.081194       0.081194     -1       0.000000
   84   7      -0.567660      -0.567660     -1       0.001735
   85   6       0.268610       0.268610     -1       0.003489
   86   1       0.081194       0.081194     -1       0.000000
   87   6      -0.285186      -0.285186     -1       0.003309
   88   1       0.134097       0.134097     -1       0.000000

 Sum over the calculated charges:     -0.000

        Statistics of the fitting:
  The initial sum of squares (ssvpot)                      1.220
  The residual sum of squares (chipot)                     0.019
  The std err of estimate (sqrt(chipot/N))               0.00221
  ESP relative RMS (SQRT(chipot/ssvpot))                 0.12429
  The Pearson correlation coefficient (r2)               0.98423

 Center of Mass (a.u.):
 #MEP    X          Y          Z
   1    0.81514    2.58829   -1.53160
   2    2.26187    0.60893    1.53160

 Dipole moments (Debye) computed:
 -with respect to the origin of coordinates (ooc)
 -with respect to the center of mass (com)
 #MEP         D          Dx         Dy         Dz
   1 ooc    5.43077     4.12955   -3.35315   -1.09382
   1 com    5.43077     4.12955   -3.35315   -1.09382

   2 ooc    5.43077     5.11041   -1.47664    1.09382
   2 com    5.43077     5.11041   -1.47664    1.09382

 Traceless Quadrupole moments (Buckingham) computed:
 -with respect to the origin of coordinates (ooc)
 -with respect to the center of mass (com)
 #MEP          X          Y          Z
   1 ooc X   20.06131
         Y  -28.38744  -26.31623
         Z    2.41681   -6.06260    6.25492
   1 com X    5.52380
         Y  -41.01652   -2.60983
         Z   13.87310   -9.72114   -2.91397

   2 ooc X   62.13391
         Y  -18.46168  -51.48403
         Z    0.45263    3.30889  -10.64988
   2 com X   38.48806
         Y  -18.09957  -35.57408
         Z  -15.90081    5.84188   -2.91398

 Traceless Quadrupole moments (Buckingham) in principal axes computed:
 -with respect to the origin of coordinates (ooc)
 -with respect to the center of mass (com)
 #MEP          X          Y          Z
   1 ooc X   34.34895
         Y   -0.00000    5.86066
         Z    0.00000   -0.00000  -40.20961
   1 com X   48.20661
         Y   -0.00000   -8.31351
         Z    0.00000    0.00000  -39.89310

   2 ooc X   65.05852
         Y   -0.00000  -10.39664
         Z    0.00000    0.00000  -54.66189
   2 com X   48.20662
         Y    0.00000   -8.31352
         Z   -0.00000   -0.00000  -39.89311
