
 -----------------------------------------------
  Restrained ESP Fit 2.41 q4md-forcefieldtools
 -----------------------------------------------
  RESP-A1 - RESP input generated by PyRED version JUL-2025                       
 -----------------------------------------------


 inopt       =     0   ioutopt     =     1
 nmep        =     2   iqopt       =     1
 ihfree      =     1   irstrnt     =     1
 iunits      =     0   qwt         =   0.00050000

 multiple-MEP run of   2 MEP

 Reading input for MEP   1 weight:     1.000
 MOLECULE-1 nconf=1 norient=1 nmep=1/2                                          

 Total charge (ich):  0
 Number of centers: 44
    1    6    0
    2    1    0
    3    1    0
    4    1    0
    5    7    0
    6    1    0
    7    6    0
    8    1    0
    9    6    0
   10    8    0
   11    6    0
   12    1    0
   13    1    0
   14    1    0
   15    6    0
   16    1    0
   17    1    0
   18   16    0
   19    6    0
   20    1    0
   21    6    0
   22    1    0
   23    6    0
   24    6    0
   25    6    0
   26    1    0
   27    6    0
   28    7    0
   29    8    0
   30    8   29
   31    6    0
   32    8    0
   33    7    0
   34    1    0
   35    6    0
   36    6    0
   37    1    0
   38    6    0
   39    1    0
   40    7    0
   41    6   38
   42    1   39
   43    6   36
   44    1   37

 Reading input for MEP   2 weight:     1.000
 MOLECULE-1 nconf=1 norient=2 nmep=2/2                                          

 Total charge (ich):  0
 Number of centers: 44
   45    6    0
   46    1    0
   47    1    0
   48    1    0
   49    7    0
   50    1    0
   51    6    0
   52    1    0
   53    6    0
   54    8    0
   55    6    0
   56    1    0
   57    1    0
   58    1    0
   59    6    0
   60    1    0
   61    1    0
   62   16    0
   63    6    0
   64    1    0
   65    6    0
   66    1    0
   67    6    0
   68    6    0
   69    6    0
   70    1    0
   71    6    0
   72    7    0
   73    8    0
   74    8   29
   75    6    0
   76    8    0
   77    7    0
   78    1    0
   79    6    0
   80    6    0
   81    1    0
   82    6    0
   83    1    0
   84    7    0
   85    6   38
   86    1   39
   87    6   36
   88    1   37

 Iqopt=1: all q0 values will be set to 0
 --------------------------------
 reading mult_esp constraint info
 --------------------------------
    1    1    2    1
    1    2    2    2
    1    3    2    3
    1    4    2    4
    1    5    2    5
    1    6    2    6
    1    7    2    7
    1    8    2    8
    1    9    2    9
    1   10    2   10
    1   11    2   11
    1   12    2   12
    1   13    2   13
    1   14    2   14
    1   15    2   15
    1   16    2   16
    1   17    2   17
    1   18    2   18
    1   19    2   19
    1   20    2   20
    1   21    2   21
    1   22    2   22
    1   23    2   23
    1   24    2   24
    1   25    2   25
    1   26    2   26
    1   27    2   27
    1   28    2   28
    1   29    2   29
    1   31    2   31
    1   32    2   32
    1   33    2   33
    1   34    2   34
    1   35    2   35
    1   36    2   36
    1   37    2   37
    1   38    2   38
    1   39    2   39
    1   40    2   40

  --------------------
     Atom   Ivary
  --------------------
    6    0
    1    0
    1    0
    1    0
    7    0
    1    0
    6    0
    1    0
    6    0
    8    0
    6    0
    1    0
    1    0
    1    0
    6    0
    1    0
    1    0
   16    0
    6    0
    1    0
    6    0
    1    0
    6    0
    6    0
    6    0
    1    0
    6    0
    7    0
    8    0
    8   29
    6    0
    8    0
    7    0
    1    0
    6    0
    6    0
    1    0
    6    0
    1    0
    7    0
    6   38
    1   39
    6   36
    1   37

    6    1
    1    2
    1    3
    1    4
    7    5
    1    6
    6    7
    1    8
    6    9
    8   10
    6   11
    1   12
    1   13
    1   14
    6   15
    1   16
    1   17
   16   18
    6   19
    1   20
    6   21
    1   22
    6   23
    6   24
    6   25
    1   26
    6   27
    7   28
    8   29
    8   29
    6   31
    8   32
    7   33
    1   34
    6   35
    6   36
    1   37
    6   38
    1   39
    7   40
    6   38
    1   39
    6   36
    1   37

  ----------------------------------------------------------------------------


Total number of atoms     =    88
Weight factor on initial charge restraints =  0.000500


There are   2 charge constraints

 Reading esp"s for MEP   1
 total number of atoms      =    44
 total number of esp points =   1934

 Center        X                Y                Z
    1      0.1117314E+02   -0.3304419E+01   -0.1817071E+01
    2      0.1247120E+02   -0.2933293E+01   -0.2794664E+00
    3      0.1108064E+02   -0.5334686E+01   -0.2076852E+01
    4      0.1196684E+02   -0.2486194E+01   -0.3534343E+01
    5      0.8694396E+01   -0.2361867E+01   -0.1135053E+01
    6      0.8781849E+01   -0.6005671E+00   -0.4598966E+00
    7      0.6716120E+01   -0.2691150E+01   -0.2984440E+01
    8      0.7019451E+01   -0.4509041E+01   -0.3883339E+01
    9      0.6579168E+01   -0.7926208E+00   -0.5193789E+01
   10      0.5194480E+01   -0.1260609E+01   -0.6910986E+01
   11      0.8136542E+01    0.1601250E+01   -0.5144045E+01
   12      0.7770061E+01    0.2656206E+01   -0.6854113E+01
   13      0.7631392E+01    0.2750047E+01   -0.3521580E+01
   14      0.1013878E+02    0.1186003E+01   -0.5017155E+01
   15      0.4107911E+01   -0.2898933E+01   -0.1721529E+01
   16      0.2698968E+01   -0.3205609E+01   -0.3164656E+01
   17      0.4144904E+01   -0.4481155E+01   -0.4315386E+00
   18      0.3356153E+01    0.0000000E+00    0.0000000E+00
   19     -0.3967151E+01   -0.2265816E+01    0.7753317E-01
   20     -0.4997866E+01   -0.4006731E+01    0.1441395E+00
   21     -0.1356946E+01   -0.2252730E+01    0.7334011E-01
   22     -0.3797765E+00   -0.4024504E+01    0.1537381E+00
   23      0.0000000E+00    0.0000000E+00    0.0000000E+00
   24     -0.1335356E+01    0.2292167E+01   -0.5757341E-01
   25     -0.3951011E+01    0.2279738E+01   -0.4843721E-01
   26     -0.4997654E+01    0.4013479E+01   -0.6257026E-01
   27     -0.5237082E+01    0.9630289E-02    0.1674972E-01
   28     -0.7985108E+01    0.2805272E-01    0.2477401E-01
   29     -0.9016738E+01    0.2032061E+01   -0.8200035E-01
   30     -0.9040947E+01   -0.1961130E+01    0.1298630E+00
   31      0.2399782E-01    0.4793045E+01    0.0000000E+00
   32      0.1646018E+01    0.5216126E+01    0.1511870E+01
   33     -0.7951607E+00    0.6473025E+01   -0.1777454E+01
   34     -0.1988278E+01    0.5802685E+01   -0.3066555E+01
   35      0.8623859E-02    0.8963103E+01   -0.2180697E+01
   36     -0.9563816E+00    0.1022603E+02   -0.4276699E+01
   37     -0.2256044E+01    0.9315297E+01   -0.5546596E+01
   38     -0.2160009E+00    0.1268721E+02   -0.4709361E+01
   39     -0.9444756E+00    0.1368882E+02   -0.6321598E+01
   40      0.1369805E+01    0.1394448E+02   -0.3246699E+01
   41      0.2268353E+01    0.1272643E+02   -0.1265226E+01
   42      0.3556158E+01    0.1376817E+02   -0.8597161E-01
   43      0.1676463E+01    0.1025902E+02   -0.6231639E+00
   44      0.2488924E+01    0.9396520E+01    0.1010173E+01

 Reading esp"s for MEP   2
 total number of atoms      =    44
 total number of esp points =   1921

 Center        X                Y                Z
    1      0.1301277E+02   -0.4532129E+01    0.1817071E+01
    2      0.1344900E+02   -0.5809778E+01    0.2794664E+00
    3      0.1462697E+02   -0.3297266E+01    0.2076852E+01
    4      0.1279400E+02   -0.5650872E+01    0.3534343E+01
    5      0.1082395E+02   -0.3034912E+01    0.1135053E+01
    6      0.9427707E+01   -0.4112099E+01    0.4598966E+00
    7      0.9965081E+01   -0.1222634E+01    0.2984440E+01
    8      0.1163086E+02   -0.4340083E+00    0.3883339E+01
    9      0.8328068E+01   -0.2193901E+01    0.5193789E+01
   10      0.7921918E+01   -0.7898293E+00    0.6910986E+01
   11      0.7251493E+01   -0.4839088E+01    0.5144045E+01
   12      0.6176099E+01   -0.5140367E+01    0.6854113E+01
   13      0.6019894E+01   -0.5080075E+01    0.3521580E+01
   14      0.8735353E+01   -0.6246046E+01    0.5017155E+01
   15      0.8646875E+01    0.1037512E+01    0.1721529E+01
   16      0.8094430E+01    0.2369418E+01    0.3164656E+01
   17      0.9967117E+01    0.1910297E+01    0.4315386E+00
   18      0.5837511E+01    0.0000000E+00    0.0000000E+00
   19      0.3517648E+01    0.7306363E+01   -0.7753317E-01
   20      0.4358723E+01    0.9146404E+01   -0.1441395E+00
   21      0.4996855E+01    0.5155714E+01   -0.7334011E-01
   22      0.7009403E+01    0.5364743E+01   -0.1537381E+00
   23      0.3921760E+01    0.2755659E+01    0.0000000E+00
   24      0.1277470E+01    0.2543680E+01    0.5757341E-01
   25     -0.2053878E+00    0.4698428E+01    0.4843721E-01
   26     -0.2226364E+01    0.4568152E+01    0.6257026E-01
   27      0.9244332E+00    0.7050208E+01   -0.1674972E-01
   28     -0.6593152E+00    0.9296033E+01   -0.2477401E-01
   29     -0.2893633E+01    0.8999157E+01    0.8200035E-01
   30      0.3712651E+00    0.1129842E+02   -0.1298630E+00
   31      0.0000000E+00    0.0000000E+00    0.0000000E+00
   32      0.5784962E+00   -0.1573305E+01   -0.1511870E+01
   33     -0.1846983E+01   -0.2863704E+00    0.1777454E+01
   34     -0.1977635E+01    0.1075913E+01    0.3066555E+01
   35     -0.3432713E+01   -0.2367720E+01    0.2180697E+01
   36     -0.5020519E+01   -0.2296280E+01    0.4276699E+01
   37     -0.5014605E+01   -0.7092920E+00    0.5546596E+01
   38     -0.6618709E+01   -0.4309071E+01    0.4709361E+01
   39     -0.7856940E+01   -0.4282678E+01    0.6321598E+01
   40     -0.6745819E+01   -0.6328812E+01    0.3246699E+01
   41     -0.5232804E+01   -0.6371308E+01    0.1265226E+01
   42     -0.5353051E+01   -0.8023338E+01    0.8597161E-01
   43     -0.3544730E+01   -0.4476878E+01    0.6231639E+00
   44     -0.2372783E+01   -0.4651639E+01   -0.1010173E+01
 Initial ssvpot =     1.220


 Number of unique UNfrozen centers=   39

 Non-linear optimization requested.
 qchnge =    0.3811153147E-01
 qchnge =    0.6208769952E-02
 qchnge =    0.2181311115E-02
 qchnge =    0.9369708587E-03
 qchnge =    0.4409271088E-03
 qchnge =    0.2173863258E-03
 qchnge =    0.1097239901E-03
 qchnge =    0.5607527965E-04
 qchnge =    0.2885997744E-04
 qchnge =    0.1491592538E-04
 qchnge =    0.7729503127E-05
 qchnge =    0.4012355316E-05
 qchnge =    0.2085201822E-05
 qchnge =    0.1084530343E-05
 qchnge =    0.5643882066E-06
 qchnge =    0.2938243755E-06
 qchnge =    0.1530113701E-06
 qchnge =    0.7969888602E-07

 Convergence in   17 iterations

    1   MOLECULE-1 nconf=1 norient=1 nmep=1/2
    2   MOLECULE-1 nconf=1 norient=2 nmep=2/2

          Point charges before & after optimization
   No. At.No.     q0            q(opt)     Ivary    d(rstr)/dq
    1   6       0.000000      -0.088563      0       0.003743
    2   1       0.000000       0.081874      0       0.000000
    3   1       0.000000       0.094876      0       0.000000
    4   1       0.000000       0.041838      0       0.000000
    5   7       0.000000      -0.625296      0       0.000790
    6   1       0.000000       0.383760      0       0.000000
    7   6       0.000000       0.066851      0       0.004157
    8   1       0.000000       0.104884      0       0.000000
    9   6       0.000000       0.586236      0       0.000841
   10   8       0.000000      -0.545989      0       0.000901
   11   6       0.000000      -0.231924      0       0.001980
   12   1       0.000000       0.072073      0       0.000000
   13   1       0.000000       0.077758      0       0.000000
   14   1       0.000000       0.075624      0       0.000000
   15   6       0.000000      -0.090832      0       0.003701
   16   1       0.000000       0.080756      0       0.000000
   17   1       0.000000       0.115633      0       0.000000
   18  16       0.000000      -0.314925      0       0.001513
   19   6       0.000000      -0.204835      0       0.002194
   20   1       0.000000       0.198082      0       0.000000
   21   6       0.000000      -0.089961      0       0.003717
   22   1       0.000000       0.136383      0       0.000000
   23   6       0.000000       0.201925      0       0.002219
   24   6       0.000000      -0.145721      0       0.002829
   25   6       0.000000      -0.088357      0       0.003747
   26   1       0.000000       0.135978      0       0.000000
   27   6       0.000000       0.020711      0       0.004896
   28   7       0.000000       0.745967      0       0.000664
   29   8       0.000000      -0.445180      0       0.001096
   30   8       0.000000      -0.445180     29       0.001096
   31   6       0.000000       0.556099      0       0.000885
   32   8       0.000000      -0.424077      0       0.001148
   33   7       0.000000      -0.320641      0       0.001489
   34   1       0.000000       0.250829      0       0.000000
   35   6       0.000000       0.203572      0       0.002204
   36   6       0.000000      -0.285186      0       0.001654
   37   1       0.000000       0.134097      0       0.000000
   38   6       0.000000       0.268610      0       0.001744
   39   1       0.000000       0.081194      0       0.000000
   40   7       0.000000      -0.567660      0       0.000867
   41   6       0.000000       0.268610     38       0.001744
   42   1       0.000000       0.081194     39       0.000000
   43   6       0.000000      -0.285186     36       0.001654
   44   1       0.000000       0.134097     37       0.000000

   45   6       0.000000      -0.088563      1       0.003743
   46   1       0.000000       0.081874      2       0.000000
   47   1       0.000000       0.094876      3       0.000000
   48   1       0.000000       0.041838      4       0.000000
   49   7       0.000000      -0.625296      5       0.000790
   50   1       0.000000       0.383760      6       0.000000
   51   6       0.000000       0.066851      7       0.004157
   52   1       0.000000       0.104884      8       0.000000
   53   6       0.000000       0.586236      9       0.000841
   54   8       0.000000      -0.545989     10       0.000901
   55   6       0.000000      -0.231924     11       0.001980
   56   1       0.000000       0.072073     12       0.000000
   57   1       0.000000       0.077758     13       0.000000
   58   1       0.000000       0.075624     14       0.000000
   59   6       0.000000      -0.090832     15       0.003701
   60   1       0.000000       0.080756     16       0.000000
   61   1       0.000000       0.115633     17       0.000000
   62  16       0.000000      -0.314925     18       0.001513
   63   6       0.000000      -0.204835     19       0.002194
   64   1       0.000000       0.198082     20       0.000000
   65   6       0.000000      -0.089961     21       0.003717
   66   1       0.000000       0.136383     22       0.000000
   67   6       0.000000       0.201925     23       0.002219
   68   6       0.000000      -0.145721     24       0.002829
   69   6       0.000000      -0.088357     25       0.003747
   70   1       0.000000       0.135978     26       0.000000
   71   6       0.000000       0.020711     27       0.004896
   72   7       0.000000       0.745967     28       0.000664
   73   8       0.000000      -0.445180     29       0.001096
   74   8       0.000000      -0.445180     29       0.001096
   75   6       0.000000       0.556099     31       0.000885
   76   8       0.000000      -0.424077     32       0.001148
   77   7       0.000000      -0.320641     33       0.001489
   78   1       0.000000       0.250829     34       0.000000
   79   6       0.000000       0.203572     35       0.002204
   80   6       0.000000      -0.285186     36       0.001654
   81   1       0.000000       0.134097     37       0.000000
   82   6       0.000000       0.268610     38       0.001744
   83   1       0.000000       0.081194     39       0.000000
   84   7       0.000000      -0.567660     40       0.000867
   85   6       0.000000       0.268610     38       0.001744
   86   1       0.000000       0.081194     39       0.000000
   87   6       0.000000      -0.285186     36       0.001654
   88   1       0.000000       0.134097     37       0.000000

 Sum over the calculated charges:     -0.000

        Statistics of the fitting:
  The initial sum of squares (ssvpot)                      1.220
  The residual sum of squares (chipot)                     0.016
  The std err of estimate (sqrt(chipot/N))               0.00206
  ESP relative RMS (SQRT(chipot/ssvpot))                 0.11585
  The Pearson correlation coefficient (r2)               0.98639

 Center of Mass (a.u.):
 #MEP    X          Y          Z
   1    0.81514    2.58829   -1.53160
   2    2.26187    0.60893    1.53160

 Dipole moments (Debye) computed:
 -with respect to the origin of coordinates (ooc)
 -with respect to the center of mass (com)
 #MEP         D          Dx         Dy         Dz
   1 ooc    5.48060     4.16627   -3.40963   -1.02647
   1 com    5.48060     4.16627   -3.40963   -1.02647

   2 ooc    5.48061     5.17775   -1.47455    1.02647
   2 com    5.48061     5.17775   -1.47455    1.02647

 Traceless Quadrupole moments (Buckingham) computed:
 -with respect to the origin of coordinates (ooc)
 -with respect to the center of mass (com)
 #MEP          X          Y          Z
   1 ooc X   18.75396
         Y  -29.70862  -24.45369
         Z    3.46306   -7.34603    5.69974
   1 com X    3.88920
         Y  -42.41549   -0.51534
         Z   14.92148  -11.41865   -3.37386

   2 ooc X   64.75491
         Y  -17.12862  -53.26426
         Z   -1.61770    3.14070  -11.49065
   2 com X   40.67884
         Y  -16.83911  -37.30498
         Z  -17.89303    5.73371   -3.37386

 Traceless Quadrupole moments (Buckingham) in principal axes computed:
 -with respect to the origin of coordinates (ooc)
 -with respect to the center of mass (com)
 #MEP          X          Y          Z
   1 ooc X   35.29169
         Y   -0.00000    4.83796
         Z    0.00000   -0.00000  -40.12965
   1 com X   50.62861
         Y   -0.00000   -9.72409
         Z    0.00000    0.00000  -40.90452

   2 ooc X   67.24368
         Y   -0.00000  -11.35656
         Z   -0.00000    0.00000  -55.88712
   2 com X   50.62862
         Y    0.00000   -9.72409
         Z   -0.00000    0.00000  -40.90453
