
          -------------------------------------------------------
          Amber 24 PMEMD                              2024
          -------------------------------------------------------

| PMEMD implementation of SANDER, Release 24

|  Compiled date/time: Thu Apr  3 16:55:38 2025
| Run on 09/13/2025 at 06:59:09

|   Executable path: pmemd.cuda
| Working directory: /panfs/accrepfs.vampire/data/kojetin_lab/Mithun/Covalent_ligand_redone/Minimization
|          Hostname: gpu0026

  [-O]verwriting output

File Assignments:
|   MDIN: step1.in                                                              
|  MDOUT: step1.out                                                             
| INPCRD: ./prepin.inpcrd                                                       
|   PARM: ./prepin.prmtop                                                       
| RESTRT: step1.rst7                                                            
|   REFC: ./prepin.inpcrd                                                       
|  MDVEL: mdvel                                                                 
|   MDEN: mden                                                                  
|  MDCRD: step1.nc                                                              
| MDINFO: step1.mdinfo                                                          
|  MDFRC: mdfrc                                                                 


 Here is the input file:

Min explicit solvent heavy atom rest no shake                                  
&cntrl                                                                         
  imin = 1, ntmin = 2, maxcyc = 2000,                                          
  ntwx = 1000, ioutfm = 1, ntpr = 50, ntwr = 500,                              
  ntc = 1, ntf = 1, ntb = 1, cut = 8.0,                                        
  igb = 0, saltcon = 0.0,                                                      
  ntr = 1, restraintmask = ':275-1 & !@H=', restraint_wt = 5.0,                
&end                                                                           


Note: ig = -1. Setting random seed to   852058 based on wallclock time in 
      microseconds.
| irandom = 1, using AMBER's internal random number generator (default).
 
|--------------------- INFORMATION ----------------------
| GPU (CUDA) Version of PMEMD in use: NVIDIA GPU IN USE.
|                    Version 18.0.0
| 
|                      03/25/2018
| 
| Implementation by:
|                    Ross C. Walker     (SDSC)
|                    Scott Le Grand     (nVIDIA)
| 
| Version 18 performance extensions by:
|                    David Cerutti     (Rutgers)
| 
| Precision model in use:
|      [SPFP] - Single Precision Forces, 64-bit Fixed Point
|               Accumulation. (Default)
| 
|--------------------------------------------------------
 
|----------------- CITATION INFORMATION -----------------
|
|    When publishing work that utilized the CUDA version
|    of AMBER, please cite the following in addition to
|    the regular AMBER citations:
|
|  - Romelia Salomon-Ferrer; Andreas W. Goetz; Duncan
|    Poole; Scott Le Grand; Ross C. Walker "Routine
|    microsecond molecular dynamics simulations with
|    AMBER - Part II: Particle Mesh Ewald", J. Chem.
|    Theory Comput., 2013, 9 (9), pp3878-3888,
|    DOI: 10.1021/ct400314y.
|
|  - Andreas W. Goetz; Mark J. Williamson; Dong Xu;
|    Duncan Poole; Scott Le Grand; Ross C. Walker
|    "Routine microsecond molecular dynamics simulations
|    with AMBER - Part I: Generalized Born", J. Chem.
|    Theory Comput., 2012, 8 (5), pp1542-1555.
|
|  - Scott Le Grand; Andreas W. Goetz; Ross C. Walker
|    "SPFP: Speed without compromise - a mixed precision
|    model for GPU accelerated molecular dynamics
|    simulations.", Comp. Phys. Comm., 2013, 184
|    pp374-380, DOI: 10.1016/j.cpc.2012.09.022
|
|--------------------------------------------------------
 
|------------------- GPU DEVICE INFO --------------------
|
|            CUDA_VISIBLE_DEVICES: 0
|   CUDA Capable Devices Detected:      1
|           CUDA Device ID in use:      0
|                CUDA Device Name: NVIDIA TITAN Xp
|     CUDA Device Global Mem Size:  12183 MB
| CUDA Device Num Multiprocessors:     30
|           CUDA Device Core Freq:   1.58 GHz
|
|--------------------------------------------------------
 
 
| Conditional Compilation Defines Used:
| PUBFFT
| BINTRAJ
| CUDA
| EMIL

| Largest sphere to fit in unit cell has radius =    35.814

| New format PARM file being parsed.
| Version =    1.000 Date = 09/13/25 Time = 06:58:52

| Note: 1-4 EEL scale factors are being read from the topology file.

| Note: 1-4 VDW scale factors are being read from the topology file.
| Duplicated    0 dihedrals

| Duplicated    0 dihedrals

--------------------------------------------------------------------------------
   1.  RESOURCE   USE: 
--------------------------------------------------------------------------------

 getting new box info from bottom of inpcrd
 NATOM  =   45940 NTYPES =      24 NBONH =   43708 MBONA  =    2269
 NTHETH =    5227 MTHETA =    3061 NPHIH =   10288 MPHIA  =    9823
 NHPARM =       0 NPARM  =       0 NNB   =   80272 NRES   =   14087
 NBONA  =    2269 NTHETA =    3061 NPHIA =    9823 NUMBND =      71
 NUMANG =     156 NPTRA  =     172 NATYP =      40 NPHB   =       0
 IFBOX  =       2 NMXRS  =      36 IFCAP =       0 NEXTRA =       0
 NCOPY  =       0

| Coordinate Index Table dimensions:    17   17   17
| Direct force subcell size =     5.1603    5.1603    5.1603

     BOX TYPE: TRUNCATED OCTAHEDRON

--------------------------------------------------------------------------------
   2.  CONTROL  DATA  FOR  THE  RUN
--------------------------------------------------------------------------------

default_name                                                                    

General flags:
     imin    =       1, nmropt  =       0

Nature and format of input:
     ntx     =       1, irest   =       0, ntrx    =       1

Nature and format of output:
     ntxo    =       2, ntpr    =      50, ntrx    =       1, ntwr    =     500
     iwrap   =       0, ntwx    =    1000, ntwv    =       0, ntwe    =       0
     ioutfm  =       1, ntwprt  =       0, idecomp =       0, rbornstat=      0

Potential function:
     ntf     =       1, ntb     =       1, igb     =       0, nsnb    =      25
     ipol    =       0, gbsa    =       0, iesp    =       0
     dielc   =   1.00000, cut     =   8.00000, intdiel =   1.00000

Frozen or restrained atoms:
     ibelly  =       0, ntr     =       1
     restraint_wt =   5.00000

Energy minimization:
     maxcyc  =    2000, ncyc    =      10, ntmin   =       2
     dx0     =   0.01000, drms    =   0.00010

| Intermolecular bonds treatment:
|     no_intermolecular_bonds =       1

| Energy averages sample interval:
|     ene_avg_sampling =       1

Ewald parameters:
     verbose =       0, ew_type =       0, nbflag  =       1, use_pme =       1
     vdwmeth =       1, eedmeth =       1, netfrc  =       0
     Box X =   87.725   Box Y =   87.725   Box Z =   87.725
     Alpha =  109.471   Beta  =  109.471   Gamma =  109.471
     NFFT1 =   96       NFFT2 =   96       NFFT3 =   96
     Cutoff=    8.000   Tol   =0.100E-04
     Ewald Coefficient =  0.34864
     Interpolation order =    4

    LOADING THE CONSTRAINED ATOMS AS GROUPS


   5.  REFERENCE ATOM COORDINATES

  default_name                                                                    
     Mask :275-1 & !@H=; matches     0 atoms

--------------------------------------------------------------------------------
   3.  ATOMIC COORDINATES AND VELOCITIES
--------------------------------------------------------------------------------

default_name                                                                    
 begin time read from input coords =     0.000 ps

 
 Number of triangulated 3-point waters found:    13808

     Sum of charges from parm topology file =   0.00000283
     Forcing neutrality...

| Dynamic Memory, Types Used:
| Reals             1320510
| Integers          1787478

| Nonbonded Pairs Initial Allocation:     7673128

| GPU memory information (estimate):
| KB of GPU memory in use:    228771
| KB of CPU memory in use:     99117

--------------------------------------------------------------------------------
   4.  RESULTS
--------------------------------------------------------------------------------



   NSTEP       ENERGY          RMS            GMAX         NAME    NUMBER
      1      -1.2067E+05     6.6007E+01     7.7895E+03     O       30590

 BOND    =      130.6020  ANGLE   =      544.5216  DIHED      =     3224.9174
 VDWAALS =    17789.9788  EEL     =  -157237.2707  HBOND      =        0.0000
 1-4 VDW =     1365.2740  1-4 EEL =    13512.3683  RESTRAINT  =        0.0000


   NSTEP       ENERGY          RMS            GMAX         NAME    NUMBER
     50      -1.4955E+05     4.9373E+00     5.3855E+01     C        1190

 BOND    =     6968.0035  ANGLE   =      506.7866  DIHED      =     3261.2762
 VDWAALS =    11543.6453  EEL     =  -186041.1989  HBOND      =        0.0000
 1-4 VDW =     1092.4566  1-4 EEL =    13123.5878  RESTRAINT  =        0.0000


   NSTEP       ENERGY          RMS            GMAX         NAME    NUMBER
    100      -1.5606E+05     2.9895E+00     4.1022E+01     C        1190

 BOND    =    10115.2204  ANGLE   =      532.6563  DIHED      =     3262.6960
 VDWAALS =    12761.0472  EEL     =  -196761.4118  HBOND      =        0.0000
 1-4 VDW =     1020.3839  1-4 EEL =    13008.7970  RESTRAINT  =        0.0000


   NSTEP       ENERGY          RMS            GMAX         NAME    NUMBER
    150      -1.5936E+05     9.4899E-01     1.4026E+01     C10      1354

 BOND    =     9067.8400  ANGLE   =      547.5314  DIHED      =     3261.2014
 VDWAALS =    14010.0076  EEL     =  -200196.1282  HBOND      =        0.0000
 1-4 VDW =      989.9813  1-4 EEL =    12959.6367  RESTRAINT  =        0.0000


   NSTEP       ENERGY          RMS            GMAX         NAME    NUMBER
    200      -1.6143E+05     2.3348E+00     8.4330E+01     C10      1354

 BOND    =     8927.5426  ANGLE   =      559.9527  DIHED      =     3257.7207
 VDWAALS =    15168.1383  EEL     =  -203249.7503  HBOND      =        0.0000
 1-4 VDW =      973.1666  1-4 EEL =    12932.3457  RESTRAINT  =        0.0000


   NSTEP       ENERGY          RMS            GMAX         NAME    NUMBER
    250      -1.6316E+05     1.3685E+00     1.1065E+02     C10      1354

 BOND    =    10315.0934  ANGLE   =      571.9068  DIHED      =     3254.0787
 VDWAALS =    16208.4120  EEL     =  -207381.7050  HBOND      =        0.0000
 1-4 VDW =      962.3905  1-4 EEL =    12913.3958  RESTRAINT  =        0.0000


   NSTEP       ENERGY          RMS            GMAX         NAME    NUMBER
    300      -1.6447E+05     1.8912E+00     2.0624E+02     C10      1354

 BOND    =    10363.1342  ANGLE   =      586.6752  DIHED      =     3249.9927
 VDWAALS =    17159.2745  EEL     =  -209688.4440  HBOND      =        0.0000
 1-4 VDW =      955.2287  1-4 EEL =    12901.8132  RESTRAINT  =        0.0000


   NSTEP       ENERGY          RMS            GMAX         NAME    NUMBER
    350      -1.6568E+05     1.1534E+00     1.5095E+02     CG       4467

 BOND    =    10401.0227  ANGLE   =      579.2271  DIHED      =     3245.2867
 VDWAALS =    18041.9970  EEL     =  -211792.1865  HBOND      =        0.0000
 1-4 VDW =      950.0298  1-4 EEL =    12893.3893  RESTRAINT  =        0.0000


   NSTEP       ENERGY          RMS            GMAX         NAME    NUMBER
    400      -1.6665E+05     4.6740E-01     1.7402E+01     CE2      1702

 BOND    =    10561.4698  ANGLE   =      580.4578  DIHED      =     3241.3096
 VDWAALS =    18806.5685  EEL     =  -213670.8385  HBOND      =        0.0000
 1-4 VDW =      945.9230  1-4 EEL =    12887.2728  RESTRAINT  =        0.0000


   NSTEP       ENERGY          RMS            GMAX         NAME    NUMBER
    450      -1.6746E+05     9.5058E-01     6.2647E+01     CE2      1702

 BOND    =    10740.4548  ANGLE   =      584.1738  DIHED      =     3237.8902
 VDWAALS =    19507.7390  EEL     =  -215354.0301  HBOND      =        0.0000
 1-4 VDW =      942.7982  1-4 EEL =    12882.2077  RESTRAINT  =        0.0000


   NSTEP       ENERGY          RMS            GMAX         NAME    NUMBER
    500      -1.6815E+05     1.4468E+00     2.1620E+02     CD       3322

 BOND    =    10907.6354  ANGLE   =      588.5429  DIHED      =     3235.1200
 VDWAALS =    20131.5736  EEL     =  -216833.5701  HBOND      =        0.0000
 1-4 VDW =      940.3519  1-4 EEL =    12878.1404  RESTRAINT  =        0.0000


   NSTEP       ENERGY          RMS            GMAX         NAME    NUMBER
    550      -1.6884E+05     8.2127E-01     5.3592E+01     CE2      1702

 BOND    =    11013.3658  ANGLE   =      587.8928  DIHED      =     3232.8231
 VDWAALS =    20707.2535  EEL     =  -218190.8383  HBOND      =        0.0000
 1-4 VDW =      938.2587  1-4 EEL =    12874.6344  RESTRAINT  =        0.0000


   NSTEP       ENERGY          RMS            GMAX         NAME    NUMBER
    600      -1.6942E+05     3.7190E-01     1.3748E+01     CE2      1702

 BOND    =    11120.2313  ANGLE   =      588.1120  DIHED      =     3230.7189
 VDWAALS =    21214.4952  EEL     =  -219379.3651  HBOND      =        0.0000
 1-4 VDW =      936.5076  1-4 EEL =    12871.7845  RESTRAINT  =        0.0000


   NSTEP       ENERGY          RMS            GMAX         NAME    NUMBER
    650      -1.6995E+05     4.9287E-01     4.5720E+01     CG       4467

 BOND    =    11232.7399  ANGLE   =      589.6963  DIHED      =     3228.7001
 VDWAALS =    21692.0875  EEL     =  -220492.6112  HBOND      =        0.0000
 1-4 VDW =      935.0152  1-4 EEL =    12869.2644  RESTRAINT  =        0.0000


   NSTEP       ENERGY          RMS            GMAX         NAME    NUMBER
    700      -1.7044E+05     3.2292E-01     9.7275E+00     CE2      1702

 BOND    =    11332.4068  ANGLE   =      590.4938  DIHED      =     3226.8497
 VDWAALS =    22135.9002  EEL     =  -221523.6392  HBOND      =        0.0000
 1-4 VDW =      933.7432  1-4 EEL =    12866.9149  RESTRAINT  =        0.0000


   NSTEP       ENERGY          RMS            GMAX         NAME    NUMBER
    750      -1.7089E+05     2.9677E-01     6.4197E+00     CE2      1702

 BOND    =    11427.8317  ANGLE   =      591.3485  DIHED      =     3225.1557
 VDWAALS =    22552.6652  EEL     =  -222489.4917  HBOND      =        0.0000
 1-4 VDW =      932.6582  1-4 EEL =    12864.9052  RESTRAINT  =        0.0000


   NSTEP       ENERGY          RMS            GMAX         NAME    NUMBER
    800      -1.7132E+05     9.1554E-01     1.7151E+02     CG       4467

 BOND    =    11535.3726  ANGLE   =      593.5852  DIHED      =     3223.7033
 VDWAALS =    22961.9854  EEL     =  -223430.1756  HBOND      =        0.0000
 1-4 VDW =      931.7755  1-4 EEL =    12862.8705  RESTRAINT  =        0.0000


   NSTEP       ENERGY          RMS            GMAX         NAME    NUMBER
    850      -1.7173E+05     2.8301E-01     7.6843E+00     CE2      1702

 BOND    =    11603.3783  ANGLE   =      592.8823  DIHED      =     3222.4937
 VDWAALS =    23330.6067  EEL     =  -224267.0606  HBOND      =        0.0000
 1-4 VDW =      930.7886  1-4 EEL =    12861.6708  RESTRAINT  =        0.0000


   NSTEP       ENERGY          RMS            GMAX         NAME    NUMBER
    900      -1.7209E+05     8.1438E-01     8.2874E+01     CG       4467

 BOND    =    11696.5915  ANGLE   =      594.3194  DIHED      =     3221.5454
 VDWAALS =    23694.6748  EEL     =  -225086.8524  HBOND      =        0.0000
 1-4 VDW =      929.9395  1-4 EEL =    12860.3266  RESTRAINT  =        0.0000


   NSTEP       ENERGY          RMS            GMAX         NAME    NUMBER
    950      -1.7244E+05     3.2880E-01     1.5975E+01     CE2      1702

 BOND    =    11758.3244  ANGLE   =      593.6735  DIHED      =     3220.8883
 VDWAALS =    24027.2034  EEL     =  -225831.2286  HBOND      =        0.0000
 1-4 VDW =      929.1878  1-4 EEL =    12859.3209  RESTRAINT  =        0.0000


   NSTEP       ENERGY          RMS            GMAX         NAME    NUMBER
   1000      -1.7276E+05     6.9829E-01     1.0186E+02     CG       4467

 BOND    =    11835.7415  ANGLE   =      594.4919  DIHED      =     3220.3960
 VDWAALS =    24344.3904  EEL     =  -226539.8131  HBOND      =        0.0000
 1-4 VDW =      928.6121  1-4 EEL =    12858.1485  RESTRAINT  =        0.0000


   NSTEP       ENERGY          RMS            GMAX         NAME    NUMBER
   1050      -1.7304E+05     1.0060E+00     1.8542E+02     CG       4467

 BOND    =    11907.7642  ANGLE   =      596.1137  DIHED      =     3219.9899
 VDWAALS =    24633.2201  EEL     =  -227183.4193  HBOND      =        0.0000
 1-4 VDW =      928.0119  1-4 EEL =    12857.5643  RESTRAINT  =        0.0000


   NSTEP       ENERGY          RMS            GMAX         NAME    NUMBER
   1100      -1.7333E+05     5.4292E-01     3.5363E+01     CE2      1702

 BOND    =    11955.8482  ANGLE   =      593.9417  DIHED      =     3219.6492
 VDWAALS =    24906.4251  EEL     =  -227794.7667  HBOND      =        0.0000
 1-4 VDW =      927.6996  1-4 EEL =    12856.4688  RESTRAINT  =        0.0000


   NSTEP       ENERGY          RMS            GMAX         NAME    NUMBER
   1150      -1.7358E+05     7.9650E-01     7.3831E+01     CG       4467

 BOND    =    12018.2220  ANGLE   =      594.3895  DIHED      =     3219.4053
 VDWAALS =    25155.3336  EEL     =  -228354.5377  HBOND      =        0.0000
 1-4 VDW =      927.4231  1-4 EEL =    12855.5056  RESTRAINT  =        0.0000


   NSTEP       ENERGY          RMS            GMAX         NAME    NUMBER
   1200      -1.7385E+05     4.6179E-01     2.9118E+01     CE2      1702

 BOND    =    12062.5950  ANGLE   =      593.7487  DIHED      =     3219.1806
 VDWAALS =    25395.8436  EEL     =  -228898.3693  HBOND      =        0.0000
 1-4 VDW =      927.0524  1-4 EEL =    12854.8017  RESTRAINT  =        0.0000


   NSTEP       ENERGY          RMS            GMAX         NAME    NUMBER
   1250      -1.7408E+05     7.0767E-01     1.2982E+02     CG       4467

 BOND    =    12120.4282  ANGLE   =      593.9701  DIHED      =     3218.8673
 VDWAALS =    25627.7149  EEL     =  -229422.7658  HBOND      =        0.0000
 1-4 VDW =      926.8535  1-4 EEL =    12853.7875  RESTRAINT  =        0.0000


   NSTEP       ENERGY          RMS            GMAX         NAME    NUMBER
   1300      -1.7432E+05     2.1917E-01     9.6320E+00     CG       4467

 BOND    =    12160.1140  ANGLE   =      592.9204  DIHED      =     3218.5503
 VDWAALS =    25842.6371  EEL     =  -229909.0121  HBOND      =        0.0000
 1-4 VDW =      926.4828  1-4 EEL =    12853.2237  RESTRAINT  =        0.0000


   NSTEP       ENERGY          RMS            GMAX         NAME    NUMBER
   1350      -1.7452E+05     6.7310E-01     1.1576E+02     CG       4467

 BOND    =    12214.1615  ANGLE   =      593.9107  DIHED      =     3218.2923
 VDWAALS =    26049.2707  EEL     =  -230377.5930  HBOND      =        0.0000
 1-4 VDW =      926.1299  1-4 EEL =    12852.7040  RESTRAINT  =        0.0000


   NSTEP       ENERGY          RMS            GMAX         NAME    NUMBER
   1400      -1.7473E+05     2.8220E-01     1.5667E+01     NE2      1038

 BOND    =    12249.6989  ANGLE   =      592.7731  DIHED      =     3218.1450
 VDWAALS =    26236.4925  EEL     =  -230802.0644  HBOND      =        0.0000
 1-4 VDW =      925.9128  1-4 EEL =    12852.0095  RESTRAINT  =        0.0000


   NSTEP       ENERGY          RMS            GMAX         NAME    NUMBER
   1450      -1.7491E+05     5.4248E-01     7.9486E+01     CG       4467

 BOND    =    12294.8502  ANGLE   =      593.1095  DIHED      =     3217.9814
 VDWAALS =    26417.8802  EEL     =  -231212.0764  HBOND      =        0.0000
 1-4 VDW =      925.6867  1-4 EEL =    12851.4203  RESTRAINT  =        0.0000


   NSTEP       ENERGY          RMS            GMAX         NAME    NUMBER
   1500      -1.7509E+05     7.5620E-01     1.1744E+02     CG       4467

 BOND    =    12339.0660  ANGLE   =      593.9973  DIHED      =     3217.7797
 VDWAALS =    26594.2118  EEL     =  -231608.9280  HBOND      =        0.0000
 1-4 VDW =      925.3327  1-4 EEL =    12851.2557  RESTRAINT  =        0.0000


   NSTEP       ENERGY          RMS            GMAX         NAME    NUMBER
   1550      -1.7527E+05     4.2242E-01     2.9410E+01     NE2      1038

 BOND    =    12370.5496  ANGLE   =      592.6316  DIHED      =     3217.6035
 VDWAALS =    26764.9277  EEL     =  -231991.2245  HBOND      =        0.0000
 1-4 VDW =      925.1497  1-4 EEL =    12850.7539  RESTRAINT  =        0.0000


   NSTEP       ENERGY          RMS            GMAX         NAME    NUMBER
   1600      -1.7543E+05     6.2532E-01     6.6738E+01     CG       4467

 BOND    =    12411.3546  ANGLE   =      592.9389  DIHED      =     3217.4787
 VDWAALS =    26928.2897  EEL     =  -232355.2287  HBOND      =        0.0000
 1-4 VDW =      924.9542  1-4 EEL =    12850.3288  RESTRAINT  =        0.0000


   NSTEP       ENERGY          RMS            GMAX         NAME    NUMBER
   1650      -1.7559E+05     3.5214E-01     2.3174E+01     NE2      1038

 BOND    =    12440.2785  ANGLE   =      592.4489  DIHED      =     3217.4012
 VDWAALS =    27084.6715  EEL     =  -232702.5441  HBOND      =        0.0000
 1-4 VDW =      924.6798  1-4 EEL =    12850.0705  RESTRAINT  =        0.0000


   NSTEP       ENERGY          RMS            GMAX         NAME    NUMBER
   1700      -1.7574E+05     5.5579E-01     9.5728E+01     CG       4467

 BOND    =    12477.1398  ANGLE   =      592.9644  DIHED      =     3217.3279
 VDWAALS =    27237.2129  EEL     =  -233040.3607  HBOND      =        0.0000
 1-4 VDW =      924.4144  1-4 EEL =    12849.8615  RESTRAINT  =        0.0000


   NSTEP       ENERGY          RMS            GMAX         NAME    NUMBER
   1750      -1.7589E+05     1.8150E-01     7.0486E+00     NE2      1038

 BOND    =    12503.2917  ANGLE   =      592.0026  DIHED      =     3217.2822
 VDWAALS =    27378.1081  EEL     =  -233350.8380  HBOND      =        0.0000
 1-4 VDW =      924.2414  1-4 EEL =    12849.4447  RESTRAINT  =        0.0000


   NSTEP       ENERGY          RMS            GMAX         NAME    NUMBER
   1800      -1.7602E+05     4.7586E-01     3.5583E+01     NE2      1038

 BOND    =    12538.1360  ANGLE   =      592.4722  DIHED      =     3217.1811
 VDWAALS =    27520.5035  EEL     =  -233661.7780  HBOND      =        0.0000
 1-4 VDW =      923.9978  1-4 EEL =    12849.0912  RESTRAINT  =        0.0000


   NSTEP       ENERGY          RMS            GMAX         NAME    NUMBER
   1850      -1.7614E+05     6.6379E-01     8.7485E+01     CG       4467

 BOND    =    12570.3305  ANGLE   =      593.0259  DIHED      =     3217.0192
 VDWAALS =    27652.2832  EEL     =  -233947.8824  HBOND      =        0.0000
 1-4 VDW =      923.7006  1-4 EEL =    12848.8500  RESTRAINT  =        0.0000


   NSTEP       ENERGY          RMS            GMAX         NAME    NUMBER
   1900      -1.7628E+05     2.1881E-01     1.2356E+01     NE2      1038

 BOND    =    12590.9018  ANGLE   =      592.0014  DIHED      =     3216.8907
 VDWAALS =    27782.8924  EEL     =  -234231.4935  HBOND      =        0.0000
 1-4 VDW =      923.4895  1-4 EEL =    12848.3472  RESTRAINT  =        0.0000


   NSTEP       ENERGY          RMS            GMAX         NAME    NUMBER
   1950      -1.7639E+05     6.3168E-01     1.4674E+02     CG       4467

 BOND    =    12623.7325  ANGLE   =      592.9506  DIHED      =     3216.6680
 VDWAALS =    27909.1534  EEL     =  -234505.1070  HBOND      =        0.0000
 1-4 VDW =      923.1397  1-4 EEL =    12848.1694  RESTRAINT  =        0.0000


   NSTEP       ENERGY          RMS            GMAX         NAME    NUMBER
   2000      -1.7651E+05     3.3258E-01     2.6076E+01     CG       4467

 BOND    =    12644.6711  ANGLE   =      592.1578  DIHED      =     3216.4704
 VDWAALS =    28028.8792  EEL     =  -234764.3108  HBOND      =        0.0000
 1-4 VDW =      922.9303  1-4 EEL =    12847.7135  RESTRAINT  =        0.0000


  Maximum number of minimization cycles reached.


                    FINAL RESULTS



   NSTEP       ENERGY          RMS            GMAX         NAME    NUMBER
   2000      -1.7651E+05     3.3258E-01     2.6076E+01     CG       4467

 BOND    =    12644.6711  ANGLE   =      592.1578  DIHED      =     3216.4704
 VDWAALS =    28028.8792  EEL     =  -234764.3108  HBOND      =        0.0000
 1-4 VDW =      922.9303  1-4 EEL =    12847.7135  RESTRAINT  =        0.0000
--------------------------------------------------------------------------------
   5.  TIMINGS
--------------------------------------------------------------------------------

|  NonSetup CPU Time in Major Routines:
|
|     Routine           Sec        %
|     ------------------------------
|     Nonbond           1.61   32.22
|     Bond              0.00    0.00
|     Angle             0.00    0.00
|     Dihedral          0.00    0.00
|     Shake             0.00    0.00
|     Other             3.40   67.78
|     ------------------------------
|     Total             5.01

|  PME Nonbond Pairlist CPU Time:
|
|     Routine              Sec        %
|     ---------------------------------
|     Set Up Cit           0.00    0.00
|     Build List           0.00    0.00
|     ---------------------------------
|     Total                0.00    0.00

|  PME Direct Force CPU Time:
|
|     Routine              Sec        %
|     ---------------------------------
|     NonBonded Calc       0.00    0.00
|     Exclude Masked       0.00    0.00
|     Other                0.00    0.08
|     ---------------------------------
|     Total                0.00    0.08

|  PME Reciprocal Force CPU Time:
|
|     Routine              Sec        %
|     ---------------------------------
|     1D bspline           0.00    0.00
|     Grid Charges         0.00    0.00
|     Scalar Sum           0.00    0.00
|     Gradient Sum         0.00    0.00
|     FFT                  0.00    0.00
|     ---------------------------------
|     Total                0.00    0.00

|  Setup CPU time:            0.66 seconds
|  NonSetup CPU time:         5.01 seconds
|  Total CPU time:            5.67 seconds     0.00 hours

|  Setup wall time:           1    seconds
|  NonSetup wall time:        5    seconds
|  Total wall time:           6    seconds     0.00 hours
