
          -------------------------------------------------------
          Amber 24 PMEMD                              2024
          -------------------------------------------------------

| PMEMD implementation of SANDER, Release 24

|  Compiled date/time: Thu Apr  3 16:55:38 2025
| Run on 09/13/2025 at 06:59:57

|   Executable path: pmemd.cuda
| Working directory: /panfs/accrepfs.vampire/data/kojetin_lab/Mithun/Covalent_ligand_redone/Minimization
|          Hostname: gpu0026

  [-O]verwriting output

File Assignments:
|   MDIN: step5.in                                                              
|  MDOUT: step5.out                                                             
| INPCRD: step4.rst7                                                            
|   PARM: ./prepin.prmtop                                                       
| RESTRT: step5.rst7                                                            
|   REFC: step4.rst7                                                            
|  MDVEL: mdvel                                                                 
|   MDEN: mden                                                                  
|  MDCRD: step5.nc                                                              
| MDINFO: step5.mdinfo                                                          
|  MDFRC: mdfrc                                                                 


 Here is the input file:

Min explicit solvent no heavy atom res no shake                                
&cntrl                                                                         
  imin = 1, ntmin = 2, maxcyc = 2000,                                          
  ntwx = 1000, ioutfm = 1, ntpr = 50, ntwr = 500,                              
  ntc = 1, ntf = 1, ntb = 1, cut = 8.0,                                        
  igb = 0, saltcon = 0.0,                                                      
  ntr = 0,                                                                     
&end                                                                           


Note: ig = -1. Setting random seed to   493109 based on wallclock time in 
      microseconds.
| irandom = 1, using AMBER's internal random number generator (default).
 
|--------------------- INFORMATION ----------------------
| GPU (CUDA) Version of PMEMD in use: NVIDIA GPU IN USE.
|                    Version 18.0.0
| 
|                      03/25/2018
| 
| Implementation by:
|                    Ross C. Walker     (SDSC)
|                    Scott Le Grand     (nVIDIA)
| 
| Version 18 performance extensions by:
|                    David Cerutti     (Rutgers)
| 
| Precision model in use:
|      [SPFP] - Single Precision Forces, 64-bit Fixed Point
|               Accumulation. (Default)
| 
|--------------------------------------------------------
 
|----------------- CITATION INFORMATION -----------------
|
|    When publishing work that utilized the CUDA version
|    of AMBER, please cite the following in addition to
|    the regular AMBER citations:
|
|  - Romelia Salomon-Ferrer; Andreas W. Goetz; Duncan
|    Poole; Scott Le Grand; Ross C. Walker "Routine
|    microsecond molecular dynamics simulations with
|    AMBER - Part II: Particle Mesh Ewald", J. Chem.
|    Theory Comput., 2013, 9 (9), pp3878-3888,
|    DOI: 10.1021/ct400314y.
|
|  - Andreas W. Goetz; Mark J. Williamson; Dong Xu;
|    Duncan Poole; Scott Le Grand; Ross C. Walker
|    "Routine microsecond molecular dynamics simulations
|    with AMBER - Part I: Generalized Born", J. Chem.
|    Theory Comput., 2012, 8 (5), pp1542-1555.
|
|  - Scott Le Grand; Andreas W. Goetz; Ross C. Walker
|    "SPFP: Speed without compromise - a mixed precision
|    model for GPU accelerated molecular dynamics
|    simulations.", Comp. Phys. Comm., 2013, 184
|    pp374-380, DOI: 10.1016/j.cpc.2012.09.022
|
|--------------------------------------------------------
 
|------------------- GPU DEVICE INFO --------------------
|
|            CUDA_VISIBLE_DEVICES: 0
|   CUDA Capable Devices Detected:      1
|           CUDA Device ID in use:      0
|                CUDA Device Name: NVIDIA TITAN Xp
|     CUDA Device Global Mem Size:  12183 MB
| CUDA Device Num Multiprocessors:     30
|           CUDA Device Core Freq:   1.58 GHz
|
|--------------------------------------------------------
 
 
| Conditional Compilation Defines Used:
| PUBFFT
| BINTRAJ
| CUDA
| EMIL

| Largest sphere to fit in unit cell has radius =    35.814

| New format PARM file being parsed.
| Version =    1.000 Date = 09/13/25 Time = 06:58:52

| Note: 1-4 EEL scale factors are being read from the topology file.

| Note: 1-4 VDW scale factors are being read from the topology file.
| Duplicated    0 dihedrals

| Duplicated    0 dihedrals

--------------------------------------------------------------------------------
   1.  RESOURCE   USE: 
--------------------------------------------------------------------------------

 getting box info from netcdf restart file
 NATOM  =   45940 NTYPES =      24 NBONH =   43708 MBONA  =    2269
 NTHETH =    5227 MTHETA =    3061 NPHIH =   10288 MPHIA  =    9823
 NHPARM =       0 NPARM  =       0 NNB   =   80272 NRES   =   14087
 NBONA  =    2269 NTHETA =    3061 NPHIA =    9823 NUMBND =      71
 NUMANG =     156 NPTRA  =     172 NATYP =      40 NPHB   =       0
 IFBOX  =       2 NMXRS  =      36 IFCAP =       0 NEXTRA =       0
 NCOPY  =       0

| Coordinate Index Table dimensions:    17   17   17
| Direct force subcell size =     5.1603    5.1603    5.1603

     BOX TYPE: TRUNCATED OCTAHEDRON

--------------------------------------------------------------------------------
   2.  CONTROL  DATA  FOR  THE  RUN
--------------------------------------------------------------------------------

default_name                                                                    

General flags:
     imin    =       1, nmropt  =       0

Nature and format of input:
     ntx     =       1, irest   =       0, ntrx    =       1

Nature and format of output:
     ntxo    =       2, ntpr    =      50, ntrx    =       1, ntwr    =     500
     iwrap   =       0, ntwx    =    1000, ntwv    =       0, ntwe    =       0
     ioutfm  =       1, ntwprt  =       0, idecomp =       0, rbornstat=      0

Potential function:
     ntf     =       1, ntb     =       1, igb     =       0, nsnb    =      25
     ipol    =       0, gbsa    =       0, iesp    =       0
     dielc   =   1.00000, cut     =   8.00000, intdiel =   1.00000

Frozen or restrained atoms:
     ibelly  =       0, ntr     =       0

Energy minimization:
     maxcyc  =    2000, ncyc    =      10, ntmin   =       2
     dx0     =   0.01000, drms    =   0.00010

| Intermolecular bonds treatment:
|     no_intermolecular_bonds =       1

| Energy averages sample interval:
|     ene_avg_sampling =       1

Ewald parameters:
     verbose =       0, ew_type =       0, nbflag  =       1, use_pme =       1
     vdwmeth =       1, eedmeth =       1, netfrc  =       0
     Box X =   87.725   Box Y =   87.725   Box Z =   87.725
     Alpha =  109.471   Beta  =  109.471   Gamma =  109.471
     NFFT1 =   96       NFFT2 =   96       NFFT3 =   96
     Cutoff=    8.000   Tol   =0.100E-04
     Ewald Coefficient =  0.34864
     Interpolation order =    4

--------------------------------------------------------------------------------
   3.  ATOMIC COORDINATES AND VELOCITIES
--------------------------------------------------------------------------------

default_name                                                                    
 begin time read from input coords =     0.000 ps

 
 Number of triangulated 3-point waters found:    13808

     Sum of charges from parm topology file =   0.00000283
     Forcing neutrality...

| Dynamic Memory, Types Used:
| Reals             1320510
| Integers          1787478

| Nonbonded Pairs Initial Allocation:     7673128

| GPU memory information (estimate):
| KB of GPU memory in use:    228771
| KB of CPU memory in use:     99117

--------------------------------------------------------------------------------
   4.  RESULTS
--------------------------------------------------------------------------------



   NSTEP       ENERGY          RMS            GMAX         NAME    NUMBER
      1      -1.8270E+05     1.0691E-01     1.0980E+01     CE1      3620

 BOND    =    13251.5580  ANGLE   =      568.9902  DIHED      =     3168.0119
 VDWAALS =    28256.0885  EEL     =  -241731.9683  HBOND      =        0.0000
 1-4 VDW =      910.1298  1-4 EEL =    12881.6184  RESTRAINT  =        0.0000


   NSTEP       ENERGY          RMS            GMAX         NAME    NUMBER
     50      -1.8273E+05     3.0071E-01     4.3119E+01     CE1      3620

 BOND    =    13259.2031  ANGLE   =      569.5348  DIHED      =     3167.9498
 VDWAALS =    28286.5766  EEL     =  -241803.4238  HBOND      =        0.0000
 1-4 VDW =      910.1396  1-4 EEL =    12881.5854  RESTRAINT  =        0.0000


   NSTEP       ENERGY          RMS            GMAX         NAME    NUMBER
    100      -1.8276E+05     1.3156E-01     1.5071E+01     CE1      3620

 BOND    =    13264.2119  ANGLE   =      568.9034  DIHED      =     3167.8777
 VDWAALS =    28315.5885  EEL     =  -241871.4469  HBOND      =        0.0000
 1-4 VDW =      910.1648  1-4 EEL =    12881.5727  RESTRAINT  =        0.0000


   NSTEP       ENERGY          RMS            GMAX         NAME    NUMBER
    150      -1.8280E+05     8.3748E-02     4.8976E+00     CE1      3620

 BOND    =    13269.9765  ANGLE   =      568.9529  DIHED      =     3167.8103
 VDWAALS =    28344.2916  EEL     =  -241938.5316  HBOND      =        0.0000
 1-4 VDW =      910.1742  1-4 EEL =    12881.5795  RESTRAINT  =        0.0000


   NSTEP       ENERGY          RMS            GMAX         NAME    NUMBER
    200      -1.8283E+05     1.3895E-01     1.7083E+01     CE1      3620

 BOND    =    13276.2259  ANGLE   =      569.0878  DIHED      =     3167.7510
 VDWAALS =    28373.3635  EEL     =  -242005.9716  HBOND      =        0.0000
 1-4 VDW =      910.1816  1-4 EEL =    12881.5764  RESTRAINT  =        0.0000


   NSTEP       ENERGY          RMS            GMAX         NAME    NUMBER
    250      -1.8286E+05     2.1966E-01     2.9372E+01     CE1      3620

 BOND    =    13282.7145  ANGLE   =      569.2988  DIHED      =     3167.7085
 VDWAALS =    28402.3219  EEL     =  -242072.5285  HBOND      =        0.0000
 1-4 VDW =      910.1823  1-4 EEL =    12881.5434  RESTRAINT  =        0.0000


   NSTEP       ENERGY          RMS            GMAX         NAME    NUMBER
    300      -1.8289E+05     3.2797E-01     4.1743E+01     CE1      3620

 BOND    =    13289.6048  ANGLE   =      569.6654  DIHED      =     3167.6447
 VDWAALS =    28430.9990  EEL     =  -242137.8998  HBOND      =        0.0000
 1-4 VDW =      910.1905  1-4 EEL =    12881.6022  RESTRAINT  =        0.0000


   NSTEP       ENERGY          RMS            GMAX         NAME    NUMBER
    350      -1.8292E+05     1.9908E-01     2.3071E+01     CE1      3620

 BOND    =    13294.6110  ANGLE   =      569.0638  DIHED      =     3167.6399
 VDWAALS =    28459.5925  EEL     =  -242202.5111  HBOND      =        0.0000
 1-4 VDW =      910.1942  1-4 EEL =    12881.4671  RESTRAINT  =        0.0000


   NSTEP       ENERGY          RMS            GMAX         NAME    NUMBER
    400      -1.8295E+05     2.8371E-01     3.5624E+01     CE1      3620

 BOND    =    13301.2563  ANGLE   =      569.2741  DIHED      =     3167.5976
 VDWAALS =    28487.8011  EEL     =  -242266.3218  HBOND      =        0.0000
 1-4 VDW =      910.2062  1-4 EEL =    12881.5165  RESTRAINT  =        0.0000


   NSTEP       ENERGY          RMS            GMAX         NAME    NUMBER
    450      -1.8298E+05     1.1706E-01     1.2168E+01     CE1      3620

 BOND    =    13305.6213  ANGLE   =      569.2216  DIHED      =     3167.5935
 VDWAALS =    28515.0839  EEL     =  -242327.7687  HBOND      =        0.0000
 1-4 VDW =      910.1822  1-4 EEL =    12881.4843  RESTRAINT  =        0.0000


   NSTEP       ENERGY          RMS            GMAX         NAME    NUMBER
    500      -1.8301E+05     2.3352E-01     3.1853E+01     CE1      3620

 BOND    =    13312.0000  ANGLE   =      569.5708  DIHED      =     3167.5934
 VDWAALS =    28542.4882  EEL     =  -242389.3938  HBOND      =        0.0000
 1-4 VDW =      910.1655  1-4 EEL =    12881.4475  RESTRAINT  =        0.0000


   NSTEP       ENERGY          RMS            GMAX         NAME    NUMBER
    550      -1.8304E+05     1.1236E-01     1.3118E+01     CE1      3620

 BOND    =    13317.2037  ANGLE   =      569.2198  DIHED      =     3167.5899
 VDWAALS =    28570.2074  EEL     =  -242451.2945  HBOND      =        0.0000
 1-4 VDW =      910.1695  1-4 EEL =    12881.4096  RESTRAINT  =        0.0000


   NSTEP       ENERGY          RMS            GMAX         NAME    NUMBER
    600      -1.8306E+05     1.9696E-01     2.7662E+01     CE1      3620

 BOND    =    13323.3400  ANGLE   =      569.3485  DIHED      =     3167.5871
 VDWAALS =    28596.9664  EEL     =  -242511.1747  HBOND      =        0.0000
 1-4 VDW =      910.1657  1-4 EEL =    12881.3758  RESTRAINT  =        0.0000


   NSTEP       ENERGY          RMS            GMAX         NAME    NUMBER
    650      -1.8309E+05     3.0142E-01     3.8556E+01     CG        283

 BOND    =    13330.0945  ANGLE   =      569.5148  DIHED      =     3167.5852
 VDWAALS =    28623.5331  EEL     =  -242570.8705  HBOND      =        0.0000
 1-4 VDW =      910.1789  1-4 EEL =    12881.3427  RESTRAINT  =        0.0000


   NSTEP       ENERGY          RMS            GMAX         NAME    NUMBER
    700      -1.8312E+05     1.7317E-01     2.3411E+01     CE1      3620

 BOND    =    13334.2809  ANGLE   =      569.5956  DIHED      =     3167.5639
 VDWAALS =    28649.5409  EEL     =  -242629.3101  HBOND      =        0.0000
 1-4 VDW =      910.1523  1-4 EEL =    12881.3436  RESTRAINT  =        0.0000


   NSTEP       ENERGY          RMS            GMAX         NAME    NUMBER
    750      -1.8314E+05     7.8942E-02     5.6809E+00     CE1      3620

 BOND    =    13339.2519  ANGLE   =      569.3883  DIHED      =     3167.5408
 VDWAALS =    28674.5903  EEL     =  -242685.5126  HBOND      =        0.0000
 1-4 VDW =      910.1545  1-4 EEL =    12881.3177  RESTRAINT  =        0.0000


   NSTEP       ENERGY          RMS            GMAX         NAME    NUMBER
    800      -1.8317E+05     1.0058E-01     9.8573E+00     CE1      3620

 BOND    =    13344.7552  ANGLE   =      569.4239  DIHED      =     3167.5112
 VDWAALS =    28700.1648  EEL     =  -242742.9539  HBOND      =        0.0000
 1-4 VDW =      910.1535  1-4 EEL =    12881.3069  RESTRAINT  =        0.0000


   NSTEP       ENERGY          RMS            GMAX         NAME    NUMBER
    850      -1.8319E+05     2.2956E-01     4.0089E+01     CG        283

 BOND    =    13351.1083  ANGLE   =      569.4903  DIHED      =     3167.4948
 VDWAALS =    28725.6339  EEL     =  -242799.6521  HBOND      =        0.0000
 1-4 VDW =      910.1765  1-4 EEL =    12881.2816  RESTRAINT  =        0.0000


   NSTEP       ENERGY          RMS            GMAX         NAME    NUMBER
    900      -1.8322E+05     7.5648E-02     5.4185E+00     CE1      3620

 BOND    =    13355.0928  ANGLE   =      569.5099  DIHED      =     3167.4491
 VDWAALS =    28749.8872  EEL     =  -242852.8990  HBOND      =        0.0000
 1-4 VDW =      910.1618  1-4 EEL =    12881.3050  RESTRAINT  =        0.0000


   NSTEP       ENERGY          RMS            GMAX         NAME    NUMBER
    950      -1.8324E+05     1.9648E-01     2.6470E+01     CE1      3620

 BOND    =    13360.8483  ANGLE   =      569.7738  DIHED      =     3167.4152
 VDWAALS =    28774.8035  EEL     =  -242907.7534  HBOND      =        0.0000
 1-4 VDW =      910.1688  1-4 EEL =    12881.3115  RESTRAINT  =        0.0000


   NSTEP       ENERGY          RMS            GMAX         NAME    NUMBER
   1000      -1.8327E+05     8.2797E-02     7.7346E+00     CE1      3620

 BOND    =    13365.2682  ANGLE   =      569.4897  DIHED      =     3167.3726
 VDWAALS =    28798.6642  EEL     =  -242960.1945  HBOND      =        0.0000
 1-4 VDW =      910.1779  1-4 EEL =    12881.3113  RESTRAINT  =        0.0000


   NSTEP       ENERGY          RMS            GMAX         NAME    NUMBER
   1050      -1.8329E+05     1.0653E-01     1.2991E+01     CE1      3620

 BOND    =    13370.1675  ANGLE   =      569.5062  DIHED      =     3167.3289
 VDWAALS =    28821.9158  EEL     =  -243011.5696  HBOND      =        0.0000
 1-4 VDW =      910.1860  1-4 EEL =    12881.3226  RESTRAINT  =        0.0000


   NSTEP       ENERGY          RMS            GMAX         NAME    NUMBER
   1100      -1.8331E+05     7.1075E-02     4.7032E+00     CE1      3620

 BOND    =    13374.7453  ANGLE   =      569.5643  DIHED      =     3167.2868
 VDWAALS =    28844.6423  EEL     =  -243062.0525  HBOND      =        0.0000
 1-4 VDW =      910.1925  1-4 EEL =    12881.3447  RESTRAINT  =        0.0000


   NSTEP       ENERGY          RMS            GMAX         NAME    NUMBER
   1150      -1.8334E+05     1.2314E-01     1.5566E+01     CE1      3620

 BOND    =    13379.6324  ANGLE   =      569.6644  DIHED      =     3167.2459
 VDWAALS =    28867.2350  EEL     =  -243112.3202  HBOND      =        0.0000
 1-4 VDW =      910.2028  1-4 EEL =    12881.3662  RESTRAINT  =        0.0000


   NSTEP       ENERGY          RMS            GMAX         NAME    NUMBER
   1200      -1.8336E+05     2.2618E-01     3.3347E+01     CG        283

 BOND    =    13384.9037  ANGLE   =      569.8477  DIHED      =     3167.2069
 VDWAALS =    28889.2695  EEL     =  -243161.2668  HBOND      =        0.0000
 1-4 VDW =      910.2184  1-4 EEL =    12881.3831  RESTRAINT  =        0.0000


   NSTEP       ENERGY          RMS            GMAX         NAME    NUMBER
   1250      -1.8338E+05     2.7636E-01     4.1126E+01     CE1      3620

 BOND    =    13389.5461  ANGLE   =      570.1552  DIHED      =     3167.1487
 VDWAALS =    28910.7739  EEL     =  -243208.5891  HBOND      =        0.0000
 1-4 VDW =      910.2114  1-4 EEL =    12881.4233  RESTRAINT  =        0.0000


   NSTEP       ENERGY          RMS            GMAX         NAME    NUMBER
   1300      -1.8340E+05     1.7413E-01     2.4823E+01     CE1      3620

 BOND    =    13393.4480  ANGLE   =      569.6064  DIHED      =     3167.1007
 VDWAALS =    28932.6278  EEL     =  -243256.8025  HBOND      =        0.0000
 1-4 VDW =      910.2325  1-4 EEL =    12881.4264  RESTRAINT  =        0.0000


   NSTEP       ENERGY          RMS            GMAX         NAME    NUMBER
   1350      -1.8342E+05     2.5462E-01     3.3223E+01     CE1      3620

 BOND    =    13398.3348  ANGLE   =      569.7331  DIHED      =     3167.0460
 VDWAALS =    28954.0521  EEL     =  -243303.6301  HBOND      =        0.0000
 1-4 VDW =      910.2365  1-4 EEL =    12881.4531  RESTRAINT  =        0.0000


   NSTEP       ENERGY          RMS            GMAX         NAME    NUMBER
   1400      -1.8344E+05     1.1103E-01     1.4368E+01     CE1      3620

 BOND    =    13401.6828  ANGLE   =      569.7036  DIHED      =     3167.0062
 VDWAALS =    28974.9443  EEL     =  -243349.6324  HBOND      =        0.0000
 1-4 VDW =      910.2463  1-4 EEL =    12881.4790  RESTRAINT  =        0.0000


   NSTEP       ENERGY          RMS            GMAX         NAME    NUMBER
   1450      -1.8346E+05     6.6315E-02     4.2867E+00     CE1      3620

 BOND    =    13405.7659  ANGLE   =      569.5848  DIHED      =     3166.9588
 VDWAALS =    28995.1862  EEL     =  -243393.9987  HBOND      =        0.0000
 1-4 VDW =      910.2592  1-4 EEL =    12881.4957  RESTRAINT  =        0.0000


   NSTEP       ENERGY          RMS            GMAX         NAME    NUMBER
   1500      -1.8348E+05     1.0943E-01     1.3973E+01     CE1      3620

 BOND    =    13410.0937  ANGLE   =      569.5927  DIHED      =     3166.9078
 VDWAALS =    29015.5145  EEL     =  -243438.6784  HBOND      =        0.0000
 1-4 VDW =      910.2674  1-4 EEL =    12881.5172  RESTRAINT  =        0.0000


   NSTEP       ENERGY          RMS            GMAX         NAME    NUMBER
   1550      -1.8350E+05     1.9199E-01     2.6946E+01     CE1      3620

 BOND    =    13414.7619  ANGLE   =      569.6493  DIHED      =     3166.8635
 VDWAALS =    29035.3083  EEL     =  -243482.4046  HBOND      =        0.0000
 1-4 VDW =      910.2834  1-4 EEL =    12881.5296  RESTRAINT  =        0.0000


   NSTEP       ENERGY          RMS            GMAX         NAME    NUMBER
   1600      -1.8352E+05     2.6655E-01     3.4827E+01     CE1      3620

 BOND    =    13419.4756  ANGLE   =      569.7279  DIHED      =     3166.8201
 VDWAALS =    29054.4912  EEL     =  -243525.1504  HBOND      =        0.0000
 1-4 VDW =      910.2989  1-4 EEL =    12881.5419  RESTRAINT  =        0.0000


   NSTEP       ENERGY          RMS            GMAX         NAME    NUMBER
   1650      -1.8354E+05     8.8128E-02     1.0035E+01     CE1      3620

 BOND    =    13422.1907  ANGLE   =      569.7061  DIHED      =     3166.7572
 VDWAALS =    29074.0959  EEL     =  -243568.7903  HBOND      =        0.0000
 1-4 VDW =      910.2827  1-4 EEL =    12881.5835  RESTRAINT  =        0.0000


   NSTEP       ENERGY          RMS            GMAX         NAME    NUMBER
   1700      -1.8356E+05     2.4941E-01     5.2142E+01     CG        283

 BOND    =    13427.2819  ANGLE   =      569.8726  DIHED      =     3166.7248
 VDWAALS =    29092.9099  EEL     =  -243610.7658  HBOND      =        0.0000
 1-4 VDW =      910.3056  1-4 EEL =    12881.5847  RESTRAINT  =        0.0000


   NSTEP       ENERGY          RMS            GMAX         NAME    NUMBER
   1750      -1.8358E+05     9.4339E-02     1.2142E+01     CE1      3620

 BOND    =    13430.0759  ANGLE   =      569.6083  DIHED      =     3166.6629
 VDWAALS =    29110.9319  EEL     =  -243650.6370  HBOND      =        0.0000
 1-4 VDW =      910.3001  1-4 EEL =    12881.6089  RESTRAINT  =        0.0000


   NSTEP       ENERGY          RMS            GMAX         NAME    NUMBER
   1800      -1.8360E+05     2.1222E-01     3.0227E+01     CE1      3620

 BOND    =    13434.5377  ANGLE   =      569.7118  DIHED      =     3166.6066
 VDWAALS =    29129.1381  EEL     =  -243691.4009  HBOND      =        0.0000
 1-4 VDW =      910.2995  1-4 EEL =    12881.6287  RESTRAINT  =        0.0000


   NSTEP       ENERGY          RMS            GMAX         NAME    NUMBER
   1850      -1.8362E+05     6.3618E-02     4.4980E+00     CE1      3620

 BOND    =    13437.4930  ANGLE   =      569.6899  DIHED      =     3166.5682
 VDWAALS =    29146.3855  EEL     =  -243730.2101  HBOND      =        0.0000
 1-4 VDW =      910.3029  1-4 EEL =    12881.6356  RESTRAINT  =        0.0000


   NSTEP       ENERGY          RMS            GMAX         NAME    NUMBER
   1900      -1.8364E+05     1.7070E-01     2.4985E+01     CE1      3620

 BOND    =    13441.5515  ANGLE   =      569.9471  DIHED      =     3166.5183
 VDWAALS =    29163.7030  EEL     =  -243769.2636  HBOND      =        0.0000
 1-4 VDW =      910.2963  1-4 EEL =    12881.6512  RESTRAINT  =        0.0000


   NSTEP       ENERGY          RMS            GMAX         NAME    NUMBER
   1950      -1.8365E+05     2.3528E-01     3.6471E+01     CE1      3620

 BOND    =    13445.7595  ANGLE   =      570.1368  DIHED      =     3166.4822
 VDWAALS =    29180.6550  EEL     =  -243807.7342  HBOND      =        0.0000
 1-4 VDW =      910.3038  1-4 EEL =    12881.6551  RESTRAINT  =        0.0000


   NSTEP       ENERGY          RMS            GMAX         NAME    NUMBER
   2000      -1.8367E+05     1.0917E-01     1.5359E+01     CE1      3620

 BOND    =    13448.8427  ANGLE   =      569.6532  DIHED      =     3166.4344
 VDWAALS =    29197.5593  EEL     =  -243845.9449  HBOND      =        0.0000
 1-4 VDW =      910.3085  1-4 EEL =    12881.6604  RESTRAINT  =        0.0000


  Maximum number of minimization cycles reached.


                    FINAL RESULTS



   NSTEP       ENERGY          RMS            GMAX         NAME    NUMBER
   2000      -1.8367E+05     1.0917E-01     1.5359E+01     CE1      3620

 BOND    =    13448.8427  ANGLE   =      569.6532  DIHED      =     3166.4344
 VDWAALS =    29197.5593  EEL     =  -243845.9449  HBOND      =        0.0000
 1-4 VDW =      910.3085  1-4 EEL =    12881.6604  RESTRAINT  =        0.0000
--------------------------------------------------------------------------------
   5.  TIMINGS
--------------------------------------------------------------------------------

|  NonSetup CPU Time in Major Routines:
|
|     Routine           Sec        %
|     ------------------------------
|     Nonbond           1.63   28.76
|     Bond              0.00    0.00
|     Angle             0.00    0.00
|     Dihedral          0.00    0.00
|     Shake             0.00    0.00
|     Other             4.03   71.24
|     ------------------------------
|     Total             5.66

|  PME Nonbond Pairlist CPU Time:
|
|     Routine              Sec        %
|     ---------------------------------
|     Set Up Cit           0.00    0.00
|     Build List           0.00    0.00
|     ---------------------------------
|     Total                0.00    0.00

|  PME Direct Force CPU Time:
|
|     Routine              Sec        %
|     ---------------------------------
|     NonBonded Calc       0.00    0.00
|     Exclude Masked       0.00    0.00
|     Other                0.00    0.07
|     ---------------------------------
|     Total                0.00    0.07

|  PME Reciprocal Force CPU Time:
|
|     Routine              Sec        %
|     ---------------------------------
|     1D bspline           0.00    0.00
|     Grid Charges         0.00    0.00
|     Scalar Sum           0.00    0.00
|     Gradient Sum         0.00    0.00
|     FFT                  0.00    0.00
|     ---------------------------------
|     Total                0.00    0.00

|  Setup CPU time:            0.53 seconds
|  NonSetup CPU time:         5.66 seconds
|  Total CPU time:            6.18 seconds     0.00 hours

|  Setup wall time:           1    seconds
|  NonSetup wall time:        6    seconds
|  Total wall time:           7    seconds     0.00 hours
